<?xml version="1.0" encoding="UTF-8"?>
<!-- Generated by org.testng.reporters.JUnitReportReporter -->
<testsuite hostname="ubuntu" name="Tests.CalculatorTests" tests="1" failures="0" timestamp="25 Jun 2013 19:53:18 GMT" time="0.017" errors="0">
  <testcase name="addTest" time="0.017" classname="Tests.CalculatorTests"/>
</testsuite> <!-- Tests.CalculatorTests -->
