<?xml version="1.0" encoding="UTF-8"?>
<!-- Generated by org.testng.reporters.JUnitReportReporter -->
<testsuite hostname="ubuntu" name="Tests.CalculatorTest" tests="2" failures="0" timestamp="25 Jun 2013 20:56:09 GMT" time="0.009" errors="0">
  <testcase name="addTest1" time="0.009" classname="Tests.CalculatorTest"/>
  <testcase name="addTest2" time="0.000" classname="Tests.CalculatorTest"/>
</testsuite> <!-- Tests.CalculatorTest -->
